
Welcome to Gradle 8.0!

For more details see https://docs.gradle.org/8.0/release-notes.html

Starting a Gradle Daemon (subsequent builds will be faster)
Checking the license for package Android SDK Platform-Tools in /usr/local/lib/android/sdk/licenses
License for package Android SDK Platform-Tools accepted.
Preparing "Install Android SDK Platform-Tools v.34.0.5".
"Install Android SDK Platform-Tools v.34.0.5" ready.
Installing Android SDK Platform-Tools in /usr/local/lib/android/sdk/platform-tools
"Install Android SDK Platform-Tools v.34.0.5" complete.
"Install Android SDK Platform-Tools v.34.0.5" finished.
> Task :app:preBuild UP-TO-DATE
> Task :app:preDevelopDebugBuild UP-TO-DATE
> Task :app:mergeDevelopDebugNativeDebugMetadata NO-SOURCE
> Task :app:checkKotlinGradlePluginConfigurationErrors
> Task :app:checkDevelopDebugAarMetadata
> Task :app:generateDevelopDebugResValues
> Task :app:mapDevelopDebugSourceSetPaths
> Task :app:generateDevelopDebugResources
> Task :app:packageDevelopDebugResources
> Task :app:parseDevelopDebugLocalResources
> Task :app:createDevelopDebugCompatibleScreenManifests
> Task :app:extractDeepLinksDevelopDebug
> Task :app:mergeDevelopDebugResources
> Task :app:processDevelopDebugMainManifest
> Task :app:processDevelopDebugManifest
> Task :app:javaPreCompileDevelopDebug
> Task :app:mergeDevelopDebugShaders
> Task :app:compileDevelopDebugShaders NO-SOURCE
> Task :app:generateDevelopDebugAssets UP-TO-DATE
> Task :app:mergeDevelopDebugAssets
> Task :app:processDevelopDebugManifestForPackage
> Task :app:compressDevelopDebugAssets
> Task :app:processDevelopDebugResources
> Task :app:checkDevelopDebugDuplicateClasses
> Task :app:desugarDevelopDebugFileDependencies
> Task :app:compileDevelopDebugKotlin
> Task :app:mergeExtDexDevelopDebug
> Task :app:compileDevelopDebugJavaWithJavac NO-SOURCE
> Task :app:processDevelopDebugJavaRes
> Task :app:mergeLibDexDevelopDebug
> Task :app:dexBuilderDevelopDebug
> Task :app:mergeProjectDexDevelopDebug
> Task :app:mergeDevelopDebugJniLibFolders
> Task :app:mergeDevelopDebugJavaResource
> Task :app:mergeDevelopDebugNativeLibs NO-SOURCE
> Task :app:stripDevelopDebugDebugSymbols NO-SOURCE
> Task :app:validateSigningDevelopDebug
> Task :app:writeDevelopDebugAppMetadata
> Task :app:writeDevelopDebugSigningConfigVersions
> Task :app:preProductionDebugBuild UP-TO-DATE
> Task :app:mergeProductionDebugNativeDebugMetadata NO-SOURCE
> Task :app:checkProductionDebugAarMetadata
> Task :app:generateProductionDebugResValues
> Task :app:mapProductionDebugSourceSetPaths
> Task :app:generateProductionDebugResources
> Task :app:packageDevelopDebug
> Task :app:createDevelopDebugApkListingFileRedirect
> Task :app:assembleDevelopDebug
> Task :app:packageProductionDebugResources
> Task :app:parseProductionDebugLocalResources
> Task :app:createProductionDebugCompatibleScreenManifests
> Task :app:extractDeepLinksProductionDebug
> Task :app:mergeProductionDebugResources
> Task :app:processProductionDebugMainManifest
> Task :app:processProductionDebugManifest
> Task :app:javaPreCompileProductionDebug
> Task :app:mergeProductionDebugShaders
> Task :app:compileProductionDebugShaders NO-SOURCE
> Task :app:generateProductionDebugAssets UP-TO-DATE
> Task :app:mergeProductionDebugAssets
> Task :app:processProductionDebugManifestForPackage
> Task :app:compressProductionDebugAssets
> Task :app:checkProductionDebugDuplicateClasses
> Task :app:desugarProductionDebugFileDependencies
> Task :app:processProductionDebugResources
> Task :app:mergeExtDexProductionDebug
> Task :app:mergeLibDexProductionDebug
> Task :app:mergeProductionDebugJniLibFolders
> Task :app:mergeProductionDebugNativeLibs NO-SOURCE
> Task :app:stripProductionDebugDebugSymbols NO-SOURCE
> Task :app:validateSigningProductionDebug
> Task :app:writeProductionDebugAppMetadata
> Task :app:writeProductionDebugSigningConfigVersions
> Task :app:compileProductionDebugKotlin
> Task :app:compileProductionDebugJavaWithJavac NO-SOURCE
> Task :app:processProductionDebugJavaRes
> Task :app:dexBuilderProductionDebug
> Task :app:mergeProjectDexProductionDebug
> Task :app:mergeProductionDebugJavaResource
> Task :app:packageProductionDebug
> Task :app:createProductionDebugApkListingFileRedirect
> Task :app:assembleProductionDebug
> Task :app:assembleDebug

BUILD SUCCESSFUL in 4m 7s
63 actionable tasks: 63 executed
